<?xml version="1.0" encoding="UTF-8"?>
<testng-results ignored="0" total="17" passed="17" failed="0" skipped="0">
  <reporter-output>
  </reporter-output>
  <suite started-at="2026-03-26T21:19:43 EDT" name="Default Suite" finished-at="2026-03-26T21:21:13 EDT" duration-ms="89026">
    <groups>
      <group name="cucumber">
        <method signature="AbstractTestNGCucumberTests.runScenario(io.cucumber.testng.PickleWrapper,io.cucumber.testng.FeatureWrapper)[pri:0, instance:runner.RunCucumberTest@46daef40]" name="runScenario" class="io.cucumber.testng.AbstractTestNGCucumberTests"/>
      </group> <!-- cucumber -->
    </groups>
    <test started-at="2026-03-26T21:19:43 EDT" name="Cucumber Tests" finished-at="2026-03-26T21:21:13 EDT" duration-ms="89026">
      <class name="runner.RunCucumberTest">
        <test-method is-config="true" signature="setUpClass(org.testng.ITestContext)[pri:0, instance:runner.RunCucumberTest@46daef40]" started-at="2026-03-26T21:19:44 EDT" name="setUpClass" finished-at="2026-03-26T21:19:45 EDT" duration-ms="1116" status="PASS">
          <params>
            <param index="0">
              <value>
                <![CDATA[org.testng.TestRunner@47f4e407]]>
              </value>
            </param>
          </params>
          <reporter-output>
          </reporter-output>
        </test-method> <!-- setUpClass -->
        <test-method signature="runScenario(io.cucumber.testng.PickleWrapper,io.cucumber.testng.FeatureWrapper)[pri:0, instance:runner.RunCucumberTest@46daef40]" started-at="2026-03-26T21:19:45 EDT" name="runScenario" description="Runs Cucumber Scenarios" data-provider="scenarios" finished-at="2026-03-26T21:20:09 EDT" duration-ms="24428" status="PASS">
          <params>
            <param index="0">
              <value>
                <![CDATA["Valid Contact Us form submission"]]>
              </value>
            </param>
            <param index="1">
              <value>
                <![CDATA["WebdriverUniversity.com - Contact Us Page"]]>
              </value>
            </param>
          </params>
          <reporter-output>
          </reporter-output>
        </test-method> <!-- runScenario -->
        <test-method signature="runScenario(io.cucumber.testng.PickleWrapper,io.cucumber.testng.FeatureWrapper)[pri:0, instance:runner.RunCucumberTest@46daef40]" started-at="2026-03-26T21:19:45 EDT" name="runScenario" description="Runs Cucumber Scenarios" data-provider="scenarios" finished-at="2026-03-26T21:20:07 EDT" duration-ms="22234" status="PASS">
          <params>
            <param index="0">
              <value>
                <![CDATA["Invalid Contact Us form submission without first name"]]>
              </value>
            </param>
            <param index="1">
              <value>
                <![CDATA["WebdriverUniversity.com - Contact Us Page"]]>
              </value>
            </param>
          </params>
          <reporter-output>
          </reporter-output>
        </test-method> <!-- runScenario -->
        <test-method signature="runScenario(io.cucumber.testng.PickleWrapper,io.cucumber.testng.FeatureWrapper)[pri:0, instance:runner.RunCucumberTest@46daef40]" started-at="2026-03-26T21:19:45 EDT" name="runScenario" description="Runs Cucumber Scenarios" data-provider="scenarios" finished-at="2026-03-26T21:20:11 EDT" duration-ms="25877" status="PASS">
          <params>
            <param index="0">
              <value>
                <![CDATA["Invalid Contact Us form submission without email address"]]>
              </value>
            </param>
            <param index="1">
              <value>
                <![CDATA["WebdriverUniversity.com - Contact Us Page"]]>
              </value>
            </param>
          </params>
          <reporter-output>
          </reporter-output>
        </test-method> <!-- runScenario -->
        <test-method signature="runScenario(io.cucumber.testng.PickleWrapper,io.cucumber.testng.FeatureWrapper)[pri:0, instance:runner.RunCucumberTest@46daef40]" started-at="2026-03-26T21:20:07 EDT" name="runScenario" description="Runs Cucumber Scenarios" data-provider="scenarios" finished-at="2026-03-26T21:20:18 EDT" duration-ms="10611" status="PASS">
          <params>
            <param index="0">
              <value>
                <![CDATA["Invalid Contact Us form submission without last name"]]>
              </value>
            </param>
            <param index="1">
              <value>
                <![CDATA["WebdriverUniversity.com - Contact Us Page"]]>
              </value>
            </param>
          </params>
          <reporter-output>
          </reporter-output>
        </test-method> <!-- runScenario -->
        <test-method signature="runScenario(io.cucumber.testng.PickleWrapper,io.cucumber.testng.FeatureWrapper)[pri:0, instance:runner.RunCucumberTest@46daef40]" started-at="2026-03-26T21:20:09 EDT" name="runScenario" description="Runs Cucumber Scenarios" data-provider="scenarios" finished-at="2026-03-26T21:20:24 EDT" duration-ms="14700" status="PASS">
          <params>
            <param index="0">
              <value>
                <![CDATA["Invalid Contact Us form submission without comments"]]>
              </value>
            </param>
            <param index="1">
              <value>
                <![CDATA["WebdriverUniversity.com - Contact Us Page"]]>
              </value>
            </param>
          </params>
          <reporter-output>
          </reporter-output>
        </test-method> <!-- runScenario -->
        <test-method signature="runScenario(io.cucumber.testng.PickleWrapper,io.cucumber.testng.FeatureWrapper)[pri:0, instance:runner.RunCucumberTest@46daef40]" started-at="2026-03-26T21:20:11 EDT" name="runScenario" description="Runs Cucumber Scenarios" data-provider="scenarios" finished-at="2026-03-26T21:20:23 EDT" duration-ms="12521" status="PASS">
          <params>
            <param index="0">
              <value>
                <![CDATA["Valid Contact Us form submission via optimized feature file"]]>
              </value>
            </param>
            <param index="1">
              <value>
                <![CDATA["WebdriverUniversity.com - Contact Us Page"]]>
              </value>
            </param>
          </params>
          <reporter-output>
          </reporter-output>
        </test-method> <!-- runScenario -->
        <test-method signature="runScenario(io.cucumber.testng.PickleWrapper,io.cucumber.testng.FeatureWrapper)[pri:0, instance:runner.RunCucumberTest@46daef40]" started-at="2026-03-26T21:20:18 EDT" name="runScenario" description="Runs Cucumber Scenarios" data-provider="scenarios" finished-at="2026-03-26T21:20:30 EDT" duration-ms="12405" status="PASS">
          <params>
            <param index="0">
              <value>
                <![CDATA["Valid Contact Us form submission via optimized feature file - Using Random Data"]]>
              </value>
            </param>
            <param index="1">
              <value>
                <![CDATA["WebdriverUniversity.com - Contact Us Page"]]>
              </value>
            </param>
          </params>
          <reporter-output>
          </reporter-output>
        </test-method> <!-- runScenario -->
        <test-method signature="runScenario(io.cucumber.testng.PickleWrapper,io.cucumber.testng.FeatureWrapper)[pri:0, instance:runner.RunCucumberTest@46daef40]" started-at="2026-03-26T21:20:23 EDT" name="runScenario" description="Runs Cucumber Scenarios" data-provider="scenarios" finished-at="2026-03-26T21:20:35 EDT" duration-ms="12014" status="PASS">
          <params>
            <param index="0">
              <value>
                <![CDATA["Invalid Contact Us form submission via optimized feature file"]]>
              </value>
            </param>
            <param index="1">
              <value>
                <![CDATA["WebdriverUniversity.com - Contact Us Page"]]>
              </value>
            </param>
          </params>
          <reporter-output>
          </reporter-output>
        </test-method> <!-- runScenario -->
        <test-method signature="runScenario(io.cucumber.testng.PickleWrapper,io.cucumber.testng.FeatureWrapper)[pri:0, instance:runner.RunCucumberTest@46daef40]" started-at="2026-03-26T21:20:24 EDT" name="runScenario" description="Runs Cucumber Scenarios" data-provider="scenarios" finished-at="2026-03-26T21:20:43 EDT" duration-ms="18890" status="PASS">
          <params>
            <param index="0">
              <value>
                <![CDATA["Invalid Contact Us form submission via optimized feature file"]]>
              </value>
            </param>
            <param index="1">
              <value>
                <![CDATA["WebdriverUniversity.com - Contact Us Page"]]>
              </value>
            </param>
          </params>
          <reporter-output>
          </reporter-output>
        </test-method> <!-- runScenario -->
        <test-method signature="runScenario(io.cucumber.testng.PickleWrapper,io.cucumber.testng.FeatureWrapper)[pri:0, instance:runner.RunCucumberTest@46daef40]" started-at="2026-03-26T21:20:30 EDT" name="runScenario" description="Runs Cucumber Scenarios" data-provider="scenarios" finished-at="2026-03-26T21:20:41 EDT" duration-ms="10970" status="PASS">
          <params>
            <param index="0">
              <value>
                <![CDATA["Invalid Contact Us form submission via optimized feature file"]]>
              </value>
            </param>
            <param index="1">
              <value>
                <![CDATA["WebdriverUniversity.com - Contact Us Page"]]>
              </value>
            </param>
          </params>
          <reporter-output>
          </reporter-output>
        </test-method> <!-- runScenario -->
        <test-method signature="runScenario(io.cucumber.testng.PickleWrapper,io.cucumber.testng.FeatureWrapper)[pri:0, instance:runner.RunCucumberTest@46daef40]" started-at="2026-03-26T21:20:35 EDT" name="runScenario" description="Runs Cucumber Scenarios" data-provider="scenarios" finished-at="2026-03-26T21:20:45 EDT" duration-ms="10289" status="PASS">
          <params>
            <param index="0">
              <value>
                <![CDATA["Invalid Contact Us form submission via optimized feature file"]]>
              </value>
            </param>
            <param index="1">
              <value>
                <![CDATA["WebdriverUniversity.com - Contact Us Page"]]>
              </value>
            </param>
          </params>
          <reporter-output>
          </reporter-output>
        </test-method> <!-- runScenario -->
        <test-method signature="runScenario(io.cucumber.testng.PickleWrapper,io.cucumber.testng.FeatureWrapper)[pri:0, instance:runner.RunCucumberTest@46daef40]" started-at="2026-03-26T21:20:41 EDT" name="runScenario" description="Runs Cucumber Scenarios" data-provider="scenarios" finished-at="2026-03-26T21:20:59 EDT" duration-ms="17892" status="PASS">
          <params>
            <param index="0">
              <value>
                <![CDATA["Invalid Contact Us form submission via optimized feature file"]]>
              </value>
            </param>
            <param index="1">
              <value>
                <![CDATA["WebdriverUniversity.com - Contact Us Page"]]>
              </value>
            </param>
          </params>
          <reporter-output>
          </reporter-output>
        </test-method> <!-- runScenario -->
        <test-method signature="runScenario(io.cucumber.testng.PickleWrapper,io.cucumber.testng.FeatureWrapper)[pri:0, instance:runner.RunCucumberTest@46daef40]" started-at="2026-03-26T21:20:43 EDT" name="runScenario" description="Runs Cucumber Scenarios" data-provider="scenarios" finished-at="2026-03-26T21:20:55 EDT" duration-ms="11968" status="PASS">
          <params>
            <param index="0">
              <value>
                <![CDATA["Validate valid & invalid login credentials"]]>
              </value>
            </param>
            <param index="1">
              <value>
                <![CDATA["WebdriverUniversity.com - Login Page"]]>
              </value>
            </param>
          </params>
          <reporter-output>
          </reporter-output>
        </test-method> <!-- runScenario -->
        <test-method signature="runScenario(io.cucumber.testng.PickleWrapper,io.cucumber.testng.FeatureWrapper)[pri:0, instance:runner.RunCucumberTest@46daef40]" started-at="2026-03-26T21:20:45 EDT" name="runScenario" description="Runs Cucumber Scenarios" data-provider="scenarios" finished-at="2026-03-26T21:20:58 EDT" duration-ms="12138" status="PASS">
          <params>
            <param index="0">
              <value>
                <![CDATA["Validate valid & invalid login credentials"]]>
              </value>
            </param>
            <param index="1">
              <value>
                <![CDATA["WebdriverUniversity.com - Login Page"]]>
              </value>
            </param>
          </params>
          <reporter-output>
          </reporter-output>
        </test-method> <!-- runScenario -->
        <test-method signature="runScenario(io.cucumber.testng.PickleWrapper,io.cucumber.testng.FeatureWrapper)[pri:0, instance:runner.RunCucumberTest@46daef40]" started-at="2026-03-26T21:20:55 EDT" name="runScenario" description="Runs Cucumber Scenarios" data-provider="scenarios" finished-at="2026-03-26T21:21:12 EDT" duration-ms="17761" status="PASS">
          <params>
            <param index="0">
              <value>
                <![CDATA["Validate valid & invalid login credentials"]]>
              </value>
            </param>
            <param index="1">
              <value>
                <![CDATA["WebdriverUniversity.com - Login Page"]]>
              </value>
            </param>
          </params>
          <reporter-output>
          </reporter-output>
        </test-method> <!-- runScenario -->
        <test-method signature="runScenario(io.cucumber.testng.PickleWrapper,io.cucumber.testng.FeatureWrapper)[pri:0, instance:runner.RunCucumberTest@46daef40]" started-at="2026-03-26T21:20:58 EDT" name="runScenario" description="Runs Cucumber Scenarios" data-provider="scenarios" finished-at="2026-03-26T21:21:12 EDT" duration-ms="14454" status="PASS">
          <params>
            <param index="0">
              <value>
                <![CDATA["Validate valid & invalid login credentials"]]>
              </value>
            </param>
            <param index="1">
              <value>
                <![CDATA["WebdriverUniversity.com - Login Page"]]>
              </value>
            </param>
          </params>
          <reporter-output>
          </reporter-output>
        </test-method> <!-- runScenario -->
        <test-method signature="runScenario(io.cucumber.testng.PickleWrapper,io.cucumber.testng.FeatureWrapper)[pri:0, instance:runner.RunCucumberTest@46daef40]" started-at="2026-03-26T21:20:59 EDT" name="runScenario" description="Runs Cucumber Scenarios" data-provider="scenarios" finished-at="2026-03-26T21:21:11 EDT" duration-ms="12263" status="PASS">
          <params>
            <param index="0">
              <value>
                <![CDATA["Validate valid & invalid login credentials"]]>
              </value>
            </param>
            <param index="1">
              <value>
                <![CDATA["WebdriverUniversity.com - Login Page"]]>
              </value>
            </param>
          </params>
          <reporter-output>
          </reporter-output>
        </test-method> <!-- runScenario -->
        <test-method is-config="true" signature="tearDownClass()[pri:0, instance:runner.RunCucumberTest@46daef40]" started-at="2026-03-26T21:21:12 EDT" name="tearDownClass" finished-at="2026-03-26T21:21:13 EDT" duration-ms="43" status="PASS">
          <reporter-output>
          </reporter-output>
        </test-method> <!-- tearDownClass -->
      </class> <!-- runner.RunCucumberTest -->
    </test> <!-- Cucumber Tests -->
  </suite> <!-- Default Suite -->
</testng-results>
