<?xml version="1.0" encoding="UTF-8"?>
<!-- Generated by org.testng.reporters.JUnitReportReporter -->
<testsuite hostname="LAPTOP-SBTGQ5S3" failures="0" tests="17" name="runner.RunCucumberTest" time="261.415" errors="0" timestamp="2026-03-26T21:21:13 EDT" skipped="0">
  <testcase classname="runner.RunCucumberTest" name="runScenario" time="17.761"/>
  <testcase classname="runner.RunCucumberTest" name="runScenario" time="10.289"/>
  <testcase classname="runner.RunCucumberTest" name="runScenario" time="24.428"/>
  <testcase classname="runner.RunCucumberTest" name="runScenario" time="12.521"/>
  <testcase classname="runner.RunCucumberTest" name="runScenario" time="12.263"/>
  <testcase classname="runner.RunCucumberTest" name="runScenario" time="10.611"/>
  <testcase classname="runner.RunCucumberTest" name="runScenario" time="22.234"/>
  <testcase classname="runner.RunCucumberTest" name="runScenario" time="10.970"/>
  <testcase classname="runner.RunCucumberTest" name="runScenario" time="14.454"/>
  <testcase classname="runner.RunCucumberTest" name="runScenario" time="14.700"/>
  <testcase classname="runner.RunCucumberTest" name="runScenario" time="18.890"/>
  <testcase classname="runner.RunCucumberTest" name="runScenario" time="12.405"/>
  <testcase classname="runner.RunCucumberTest" name="runScenario" time="12.014"/>
  <testcase classname="runner.RunCucumberTest" name="runScenario" time="11.968"/>
  <testcase classname="runner.RunCucumberTest" name="runScenario" time="12.138"/>
  <testcase classname="runner.RunCucumberTest" name="runScenario" time="25.877"/>
  <testcase classname="runner.RunCucumberTest" name="runScenario" time="17.892"/>
</testsuite> <!-- runner.RunCucumberTest -->
